<?xml version="1.0" encoding="UTF-8"?>
<!-- Generated by org.testng.reporters.JUnitXMLReporter -->
<testsuite hostname="MYBANK-WBKBU48" ignored="0" name="Default test" tests="5" failures="0" timestamp="16 一月 2019 10:06:40 GMT" time="0.035" errors="0">
  <testcase name="gbkToUTF8_jvm" time="0.009" classname="cn.roilat.study.java.encode.UTF8AndGBKTransUtilsTest"/>
  <testcase name="getBytesString" time="0.001" classname="cn.roilat.study.java.encode.UTF8AndGBKTransUtilsTest"/>
  <testcase name="test" time="0.002" classname="cn.roilat.study.java.encode.UTF8AndGBKTransUtilsTest"/>
  <testcase name="utf8ToGBK" time="0.001" classname="cn.roilat.study.java.encode.UTF8AndGBKTransUtilsTest"/>
  <testcase name="utf8ToGBK_jvm" time="0.001" classname="cn.roilat.study.java.encode.UTF8AndGBKTransUtilsTest"/>
</testsuite> <!-- Default test -->
