# JRE version: Java(TM) SE Runtime Environment (8.0_45-b14) (build 1.8.0_45-b14)
# Java VM: Java HotSpot(TM) 64-Bit Server VM (25.45-b02 mixed mode windows-amd64 compressed oops)
Heap:
 PSYoungGen      total 343040K, used 192971K [0x00000000d6580000, 0x00000000ed280000, 0x0000000100000000)
  eden space 329728K, 58% used [0x00000000d6580000,0x00000000e21f2df8,0x00000000ea780000)
  from space 13312K, 0% used [0x00000000ec080000,0x00000000ec080000,0x00000000ecd80000)
  to   space 22016K, 0% used [0x00000000ea780000,0x00000000ea780000,0x00000000ebd00000)
 ParOldGen       total 77312K, used 36573K [0x0000000083000000, 0x0000000087b80000, 0x00000000d6580000)
  object space 77312K, 47% used [0x0000000083000000,0x00000000853b76f8,0x0000000087b80000)
 Metaspace       used 50099K, capacity 51964K, committed 52136K, reserved 1095680K
  class space    used 5934K, capacity 6311K, committed 6312K, reserved 1048576K
GC Heap History (10 events):
Event: 628.507 GC heap before
{Heap before GC invocations=17 (full 3):
 PSYoungGen      total 268288K, used 267264K [0x00000000d6580000, 0x00000000ed600000, 0x0000000100000000)
  eden space 267264K, 100% used [0x00000000d6580000,0x00000000e6a80000,0x00000000e6a80000)
  from space 1024K, 0% used [0x00000000eb700000,0x00000000eb700000,0x00000000eb800000)
  to   space 16384K, 0% used [0x00000000ec600000,0x00000000ec600000,0x00000000ed600000)
 ParOldGen       total 77312K, used 28724K [0x0000000083000000, 0x0000000087b80000, 0x00000000d6580000)
  object space 77312K, 37% used [0x0000000083000000,0x0000000084c0d258,0x0000000087b80000)
 Metaspace       used 47410K, capacity 49062K, committed 49192K, reserved 1091584K
  class space    used 5763K, capacity 6102K, committed 6184K, reserved 1048576K
Event: 628.518 GC heap after
Heap after GC invocations=17 (full 3):
 PSYoungGen      total 340992K, used 11145K [0x00000000d6580000, 0x00000000ed100000, 0x0000000100000000)
  eden space 329728K, 0% used [0x00000000d6580000,0x00000000d6580000,0x00000000ea780000)
  from space 11264K, 98% used [0x00000000ec600000,0x00000000ed0e2758,0x00000000ed100000)
  to   space 16896K, 0% used [0x00000000eb000000,0x00000000eb000000,0x00000000ec080000)
 ParOldGen       total 77312K, used 28732K [0x0000000083000000, 0x0000000087b80000, 0x00000000d6580000)
  object space 77312K, 37% used [0x0000000083000000,0x0000000084c0f258,0x0000000087b80000)
 Metaspace       used 47410K, capacity 49062K, committed 49192K, reserved 1091584K
  class space    used 5763K, capacity 6102K, committed 6184K, reserved 1048576K
}
Event: 864.593 GC heap before
{Heap before GC invocations=18 (full 3):
 PSYoungGen      total 340992K, used 167248K [0x00000000d6580000, 0x00000000ed100000, 0x0000000100000000)
  eden space 329728K, 47% used [0x00000000d6580000,0x00000000dfdf1a50,0x00000000ea780000)
  from space 11264K, 98% used [0x00000000ec600000,0x00000000ed0e2758,0x00000000ed100000)
  to   space 16896K, 0% used [0x00000000eb000000,0x00000000eb000000,0x00000000ec080000)
 ParOldGen       total 77312K, used 28732K [0x0000000083000000, 0x0000000087b80000, 0x00000000d6580000)
  object space 77312K, 37% used [0x0000000083000000,0x0000000084c0f258,0x0000000087b80000)
 Metaspace       used 47613K, capacity 49262K, committed 49448K, reserved 1093632K
  class space    used 5765K, capacity 6104K, committed 6184K, reserved 1048576K
Event: 864.602 GC heap after
Heap after GC invocations=18 (full 3):
 PSYoungGen      total 346624K, used 16529K [0x00000000d6580000, 0x00000000ecd80000, 0x0000000100000000)
  eden space 329728K, 0% used [0x00000000d6580000,0x00000000d6580000,0x00000000ea780000)
  from space 16896K, 97% used [0x00000000eb000000,0x00000000ec024690,0x00000000ec080000)
  to   space 13312K, 0% used [0x00000000ec080000,0x00000000ec080000,0x00000000ecd80000)
 ParOldGen       total 77312K, used 28740K [0x0000000083000000, 0x0000000087b80000, 0x00000000d6580000)
  object space 77312K, 37% used [0x0000000083000000,0x0000000084c11258,0x0000000087b80000)
 Metaspace       used 47613K, capacity 49262K, committed 49448K, reserved 1093632K
  class space    used 5765K, capacity 6104K, committed 6184K, reserved 1048576K
}
Event: 864.602 GC heap before
{Heap before GC invocations=19 (full 4):
 PSYoungGen      total 346624K, used 16529K [0x00000000d6580000, 0x00000000ecd80000, 0x0000000100000000)
  eden space 329728K, 0% used [0x00000000d6580000,0x00000000d6580000,0x00000000ea780000)
  from space 16896K, 97% used [0x00000000eb000000,0x00000000ec024690,0x00000000ec080000)
  to   space 13312K, 0% used [0x00000000ec080000,0x00000000ec080000,0x00000000ecd80000)
 ParOldGen       total 77312K, used 28740K [0x0000000083000000, 0x0000000087b80000, 0x00000000d6580000)
  object space 77312K, 37% used [0x0000000083000000,0x0000000084c11258,0x0000000087b80000)
 Metaspace       used 47613K, capacity 49262K, committed 49448K, reserved 1093632K
  class space    used 5765K, capacity 6104K, committed 6184K, reserved 1048576K
Event: 864.718 GC heap after
Heap after GC invocations=19 (full 4):
 PSYoungGen      total 346624K, used 0K [0x00000000d6580000, 0x00000000ecd80000, 0x0000000100000000)
  eden space 329728K, 0% used [0x00000000d6580000,0x00000000d6580000,0x00000000ea780000)
  from space 16896K, 0% used [0x00000000eb000000,0x00000000eb000000,0x00000000ec080000)
  to   space 13312K, 0% used [0x00000000ec080000,0x00000000ec080000,0x00000000ecd80000)
 ParOldGen       total 77312K, used 31656K [0x0000000083000000, 0x0000000087b80000, 0x00000000d6580000)
  object space 77312K, 40% used [0x0000000083000000,0x0000000084eea0a8,0x0000000087b80000)
 Metaspace       used 47572K, capacity 49196K, committed 49448K, reserved 1093632K
  class space    used 5759K, capacity 6093K, committed 6184K, reserved 1048576K
}
Event: 1102.400 GC heap before
{Heap before GC invocations=20 (full 4):
 PSYoungGen      total 346624K, used 313637K [0x00000000d6580000, 0x00000000ecd80000, 0x0000000100000000)
  eden space 329728K, 95% used [0x00000000d6580000,0x00000000e97c9690,0x00000000ea780000)
  from space 16896K, 0% used [0x00000000eb000000,0x00000000eb000000,0x00000000ec080000)
  to   space 13312K, 0% used [0x00000000ec080000,0x00000000ec080000,0x00000000ecd80000)
 ParOldGen       total 77312K, used 31656K [0x0000000083000000, 0x0000000087b80000, 0x00000000d6580000)
  object space 77312K, 40% used [0x0000000083000000,0x0000000084eea0a8,0x0000000087b80000)
 Metaspace       used 48934K, capacity 50680K, committed 50856K, reserved 1093632K
  class space    used 5852K, capacity 6221K, committed 6312K, reserved 1048576K
Event: 1102.408 GC heap after
Heap after GC invocations=20 (full 4):
 PSYoungGen      total 343040K, used 13290K [0x00000000d6580000, 0x00000000ed280000, 0x0000000100000000)
  eden space 329728K, 0% used [0x00000000d6580000,0x00000000d6580000,0x00000000ea780000)
  from space 13312K, 99% used [0x00000000ec080000,0x00000000ecd7aaf0,0x00000000ecd80000)
  to   space 22016K, 0% used [0x00000000ea780000,0x00000000ea780000,0x00000000ebd00000)
 ParOldGen       total 77312K, used 36061K [0x0000000083000000, 0x0000000087b80000, 0x00000000d6580000)
  object space 77312K, 46% used [0x0000000083000000,0x00000000853376d8,0x0000000087b80000)
 Metaspace       used 48934K, capacity 50680K, committed 50856K, reserved 1093632K
  class space    used 5852K, capacity 6221K, committed 6312K, reserved 1048576K
}
Event: 1102.408 GC heap before
{Heap before GC invocations=21 (full 5):
 PSYoungGen      total 343040K, used 13290K [0x00000000d6580000, 0x00000000ed280000, 0x0000000100000000)
  eden space 329728K, 0% used [0x00000000d6580000,0x00000000d6580000,0x00000000ea780000)
  from space 13312K, 99% used [0x00000000ec080000,0x00000000ecd7aaf0,0x00000000ecd80000)
  to   space 22016K, 0% used [0x00000000ea780000,0x00000000ea780000,0x00000000ebd00000)
 ParOldGen       total 77312K, used 36061K [0x0000000083000000, 0x0000000087b80000, 0x00000000d6580000)
  object space 77312K, 46% used [0x0000000083000000,0x00000000853376d8,0x0000000087b80000)
 Metaspace       used 48934K, capacity 50680K, committed 50856K, reserved 1093632K
  class space    used 5852K, capacity 6221K, committed 6312K, reserved 1048576K
Event: 1102.547 GC heap after
Heap after GC invocations=21 (full 5):
 PSYoungGen      total 343040K, used 0K [0x00000000d6580000, 0x00000000ed280000, 0x0000000100000000)
  eden space 329728K, 0% used [0x00000000d6580000,0x00000000d6580000,0x00000000ea780000)
  from space 13312K, 0% used [0x00000000ec080000,0x00000000ec080000,0x00000000ecd80000)
  to   space 22016K, 0% used [0x00000000ea780000,0x00000000ea780000,0x00000000ebd00000)
 ParOldGen       total 77312K, used 36573K [0x0000000083000000, 0x0000000087b80000, 0x00000000d6580000)
  object space 77312K, 47% used [0x0000000083000000,0x00000000853b76f8,0x0000000087b80000)
 Metaspace       used 48892K, capacity 50614K, committed 50856K, reserved 1093632K
  class space    used 5845K, capacity 6210K, committed 6312K, reserved 1048576K
}

