# JRE version: Java(TM) SE Runtime Environment (8.0_45-b14) (build 1.8.0_45-b14)
# Java VM: Java HotSpot(TM) 64-Bit Server VM (25.45-b02 mixed mode windows-amd64 compressed oops)
Heap:
 PSYoungGen      total 404480K, used 207257K [0x00000000d6580000, 0x00000000f0280000, 0x0000000100000000)
  eden space 387584K, 53% used [0x00000000d6580000,0x00000000e2fe6478,0x00000000ee000000)
  from space 16896K, 0% used [0x00000000ef100000,0x00000000ef100000,0x00000000f0180000)
  to   space 17408K, 0% used [0x00000000ee000000,0x00000000ee000000,0x00000000ef100000)
 ParOldGen       total 69632K, used 25703K [0x0000000083000000, 0x0000000087400000, 0x00000000d6580000)
  object space 69632K, 36% used [0x0000000083000000,0x0000000084919f08,0x0000000087400000)
 Metaspace       used 42085K, capacity 43454K, committed 43520K, reserved 1087488K
  class space    used 5271K, capacity 5572K, committed 5632K, reserved 1048576K
GC Heap History (10 events):
Event: 42.267 GC heap before
{Heap before GC invocations=11 (full 2):
 PSYoungGen      total 219136K, used 6250K [0x00000000d6580000, 0x00000000e8e00000, 0x0000000100000000)
  eden space 207360K, 0% used [0x00000000d6580000,0x00000000d6580000,0x00000000e3000000)
  from space 11776K, 53% used [0x00000000e3000000,0x00000000e361abf0,0x00000000e3b80000)
  to   space 11264K, 0% used [0x00000000e8300000,0x00000000e8300000,0x00000000e8e00000)
 ParOldGen       total 55296K, used 6910K [0x0000000083000000, 0x0000000086600000, 0x00000000d6580000)
  object space 55296K, 12% used [0x0000000083000000,0x00000000836bfa28,0x0000000086600000)
 Metaspace       used 34361K, capacity 35360K, committed 35496K, reserved 1081344K
  class space    used 4312K, capacity 4570K, committed 4608K, reserved 1048576K
Event: 42.322 GC heap after
Heap after GC invocations=11 (full 2):
 PSYoungGen      total 219136K, used 0K [0x00000000d6580000, 0x00000000e8e00000, 0x0000000100000000)
  eden space 207360K, 0% used [0x00000000d6580000,0x00000000d6580000,0x00000000e3000000)
  from space 11776K, 0% used [0x00000000e3000000,0x00000000e3000000,0x00000000e3b80000)
  to   space 11264K, 0% used [0x00000000e8300000,0x00000000e8300000,0x00000000e8e00000)
 ParOldGen       total 69632K, used 11232K [0x0000000083000000, 0x0000000087400000, 0x00000000d6580000)
  object space 69632K, 16% used [0x0000000083000000,0x0000000083af81b8,0x0000000087400000)
 Metaspace       used 34361K, capacity 35360K, committed 35496K, reserved 1081344K
  class space    used 4312K, capacity 4570K, committed 4608K, reserved 1048576K
}
Event: 44.666 GC heap before
{Heap before GC invocations=12 (full 2):
 PSYoungGen      total 219136K, used 207360K [0x00000000d6580000, 0x00000000e8e00000, 0x0000000100000000)
  eden space 207360K, 100% used [0x00000000d6580000,0x00000000e3000000,0x00000000e3000000)
  from space 11776K, 0% used [0x00000000e3000000,0x00000000e3000000,0x00000000e3b80000)
  to   space 11264K, 0% used [0x00000000e8300000,0x00000000e8300000,0x00000000e8e00000)
 ParOldGen       total 69632K, used 11232K [0x0000000083000000, 0x0000000087400000, 0x00000000d6580000)
  object space 69632K, 16% used [0x0000000083000000,0x0000000083af81b8,0x0000000087400000)
 Metaspace       used 41563K, capacity 42876K, committed 43136K, reserved 1087488K
  class space    used 5215K, capacity 5494K, committed 5504K, reserved 1048576K
Event: 44.677 GC heap after
Heap after GC invocations=12 (full 2):
 PSYoungGen      total 287232K, used 11254K [0x00000000d6580000, 0x00000000ea980000, 0x0000000100000000)
  eden space 275968K, 0% used [0x00000000d6580000,0x00000000d6580000,0x00000000e7300000)
  from space 11264K, 99% used [0x00000000e8300000,0x00000000e8dfdb60,0x00000000e8e00000)
  to   space 16384K, 0% used [0x00000000e7300000,0x00000000e7300000,0x00000000e8300000)
 ParOldGen       total 69632K, used 22043K [0x0000000083000000, 0x0000000087400000, 0x00000000d6580000)
  object space 69632K, 31% used [0x0000000083000000,0x0000000084586d28,0x0000000087400000)
 Metaspace       used 41563K, capacity 42876K, committed 43136K, reserved 1087488K
  class space    used 5215K, capacity 5494K, committed 5504K, reserved 1048576K
}
Event: 159.167 GC heap before
{Heap before GC invocations=13 (full 2):
 PSYoungGen      total 287232K, used 287222K [0x00000000d6580000, 0x00000000ea980000, 0x0000000100000000)
  eden space 275968K, 100% used [0x00000000d6580000,0x00000000e7300000,0x00000000e7300000)
  from space 11264K, 99% used [0x00000000e8300000,0x00000000e8dfdb60,0x00000000e8e00000)
  to   space 16384K, 0% used [0x00000000e7300000,0x00000000e7300000,0x00000000e8300000)
 ParOldGen       total 69632K, used 22043K [0x0000000083000000, 0x0000000087400000, 0x00000000d6580000)
  object space 69632K, 31% used [0x0000000083000000,0x0000000084586d28,0x0000000087400000)
 Metaspace       used 41703K, capacity 43034K, committed 43136K, reserved 1087488K
  class space    used 5231K, capacity 5499K, committed 5504K, reserved 1048576K
Event: 159.174 GC heap after
Heap after GC invocations=13 (full 2):
 PSYoungGen      total 292352K, used 416K [0x00000000d6580000, 0x00000000f0180000, 0x0000000100000000)
  eden space 275968K, 0% used [0x00000000d6580000,0x00000000d6580000,0x00000000e7300000)
  from space 16384K, 2% used [0x00000000e7300000,0x00000000e7368000,0x00000000e8300000)
  to   space 16896K, 0% used [0x00000000ef100000,0x00000000ef100000,0x00000000f0180000)
 ParOldGen       total 69632K, used 32839K [0x0000000083000000, 0x0000000087400000, 0x00000000d6580000)
  object space 69632K, 47% used [0x0000000083000000,0x0000000085011e30,0x0000000087400000)
 Metaspace       used 41703K, capacity 43034K, committed 43136K, reserved 1087488K
  class space    used 5231K, capacity 5499K, committed 5504K, reserved 1048576K
}
Event: 159.525 GC heap before
{Heap before GC invocations=14 (full 2):
 PSYoungGen      total 292352K, used 32469K [0x00000000d6580000, 0x00000000f0180000, 0x0000000100000000)
  eden space 275968K, 11% used [0x00000000d6580000,0x00000000d84cd700,0x00000000e7300000)
  from space 16384K, 2% used [0x00000000e7300000,0x00000000e7368000,0x00000000e8300000)
  to   space 16896K, 0% used [0x00000000ef100000,0x00000000ef100000,0x00000000f0180000)
 ParOldGen       total 69632K, used 32839K [0x0000000083000000, 0x0000000087400000, 0x00000000d6580000)
  object space 69632K, 47% used [0x0000000083000000,0x0000000085011e30,0x0000000087400000)
 Metaspace       used 42008K, capacity 43376K, committed 43520K, reserved 1087488K
  class space    used 5262K, capacity 5570K, committed 5632K, reserved 1048576K
Event: 159.528 GC heap after
Heap after GC invocations=14 (full 2):
 PSYoungGen      total 404480K, used 448K [0x00000000d6580000, 0x00000000f0280000, 0x0000000100000000)
  eden space 387584K, 0% used [0x00000000d6580000,0x00000000d6580000,0x00000000ee000000)
  from space 16896K, 2% used [0x00000000ef100000,0x00000000ef170000,0x00000000f0180000)
  to   space 17408K, 0% used [0x00000000ee000000,0x00000000ee000000,0x00000000ef100000)
 ParOldGen       total 69632K, used 33043K [0x0000000083000000, 0x0000000087400000, 0x00000000d6580000)
  object space 69632K, 47% used [0x0000000083000000,0x0000000085044e50,0x0000000087400000)
 Metaspace       used 42008K, capacity 43376K, committed 43520K, reserved 1087488K
  class space    used 5262K, capacity 5570K, committed 5632K, reserved 1048576K
}
Event: 159.528 GC heap before
{Heap before GC invocations=15 (full 3):
 PSYoungGen      total 404480K, used 448K [0x00000000d6580000, 0x00000000f0280000, 0x0000000100000000)
  eden space 387584K, 0% used [0x00000000d6580000,0x00000000d6580000,0x00000000ee000000)
  from space 16896K, 2% used [0x00000000ef100000,0x00000000ef170000,0x00000000f0180000)
  to   space 17408K, 0% used [0x00000000ee000000,0x00000000ee000000,0x00000000ef100000)
 ParOldGen       total 69632K, used 33043K [0x0000000083000000, 0x0000000087400000, 0x00000000d6580000)
  object space 69632K, 47% used [0x0000000083000000,0x0000000085044e50,0x0000000087400000)
 Metaspace       used 42008K, capacity 43376K, committed 43520K, reserved 1087488K
  class space    used 5262K, capacity 5570K, committed 5632K, reserved 1048576K
Event: 159.676 GC heap after
Heap after GC invocations=15 (full 3):
 PSYoungGen      total 404480K, used 0K [0x00000000d6580000, 0x00000000f0280000, 0x0000000100000000)
  eden space 387584K, 0% used [0x00000000d6580000,0x00000000d6580000,0x00000000ee000000)
  from space 16896K, 0% used [0x00000000ef100000,0x00000000ef100000,0x00000000f0180000)
  to   space 17408K, 0% used [0x00000000ee000000,0x00000000ee000000,0x00000000ef100000)
 ParOldGen       total 69632K, used 25703K [0x0000000083000000, 0x0000000087400000, 0x00000000d6580000)
  object space 69632K, 36% used [0x0000000083000000,0x0000000084919f08,0x0000000087400000)
 Metaspace       used 42008K, capacity 43376K, committed 43520K, reserved 1087488K
  class space    used 5262K, capacity 5570K, committed 5632K, reserved 1048576K
}

